2025-09-02 15:07:02 [ERROR]: Error: Used disallowed intents
    at WebSocketShard.onClose (/Users/carlosdiazplaza/ative_casino_bot/uas/node_modules/@discordjs/ws/dist/index.js:1151:18)
    at connection.onclose (/Users/carlosdiazplaza/ative_casino_bot/uas/node_modules/@discordjs/ws/dist/index.js:688:17)
    at callListener (/Users/carlosdiazplaza/ative_casino_bot/uas/node_modules/ws/lib/event-target.js:290:14)
    at WebSocket.onClose (/Users/carlosdiazplaza/ative_casino_bot/uas/node_modules/ws/lib/event-target.js:220:9)
    at WebSocket.emit (node:events:518:28)
    at WebSocket.emitClose (/Users/carlosdiazplaza/ative_casino_bot/uas/node_modules/ws/lib/websocket.js:272:10)
    at TLSSocket.socketOnClose (/Users/carlosdiazplaza/ative_casino_bot/uas/node_modules/ws/lib/websocket.js:1341:15)
    at TLSSocket.emit (node:events:530:35)
    at node:net:351:12
    at TCP.done (node:_tls_wrap:650:7)
2025-09-02 15:13:11 [ERROR]: Error: Unknown column 'guild_id' in 'INSERT INTO'
    at PromisePool.execute (/Users/carlosdiazplaza/ative_casino_bot/uas/node_modules/mysql2/lib/promise/pool.js:54:22)
    at DatabaseManager.updateUserBalance (/Users/carlosdiazplaza/ative_casino_bot/uas/UTILS/database.js:311:29)
    at ShiftManager.clockOut (/Users/carlosdiazplaza/ative_casino_bot/uas/UTILS/shiftManager.js:110:29)
    at process.processTicksAndRejections (node:internal/process/task_queues:105:5)
    at async Object.execute (/Users/carlosdiazplaza/ative_casino_bot/uas/COMMANDS/SHIFT/clockout.js:21:28)
    at async Object.execute (/Users/carlosdiazplaza/ative_casino_bot/uas/EVENTS/interactionCreate.js:29:13)
2025-09-02 15:13:23 [ERROR]: Error: Can't add new command when connection is in closed state
    at PromisePool.end (/Users/carlosdiazplaza/ative_casino_bot/uas/node_modules/mysql2/lib/promise/pool.js:72:22)
    at DatabaseManager.closeConnection (/Users/carlosdiazplaza/ative_casino_bot/uas/UTILS/database.js:375:29)
    at process.<anonymous> (/Users/carlosdiazplaza/ative_casino_bot/uas/index.js:121:25)
    at process.processTicksAndRejections (node:internal/process/task_queues:105:5)
2025-09-02 15:46:07 [ERROR]: Error: Can't add new command when connection is in closed state
    at PromisePool.end (/Users/carlosdiazplaza/ative_casino_bot/uas/node_modules/mysql2/lib/promise/pool.js:72:22)
    at DatabaseManager.closeConnection (/Users/carlosdiazplaza/ative_casino_bot/uas/UTILS/database.js:376:29)
    at process.<anonymous> (/Users/carlosdiazplaza/ative_casino_bot/uas/index.js:121:25)
    at process.processTicksAndRejections (node:internal/process/task_queues:105:5)
2025-09-02 15:53:39 [ERROR]: Error: Unknown column 'guild_id' in 'WHERE'
    at PromisePool.execute (/Users/carlosdiazplaza/ative_casino_bot/uas/node_modules/mysql2/lib/promise/pool.js:54:22)
    at DatabaseManager.getServerConfig (/Users/carlosdiazplaza/ative_casino_bot/uas/UTILS/database.js:325:44)
    at Object.execute (/Users/carlosdiazplaza/ative_casino_bot/uas/COMMANDS/SECURITY/raidmode.js:26:42)
    at Object.execute (/Users/carlosdiazplaza/ative_casino_bot/uas/EVENTS/interactionCreate.js:29:27)
    at Client.<anonymous> (/Users/carlosdiazplaza/ative_casino_bot/uas/index.js:96:54)
    at Client.emit (node:events:518:28)
    at InteractionCreateAction.handle (/Users/carlosdiazplaza/ative_casino_bot/uas/node_modules/discord.js/src/client/actions/InteractionCreate.js:101:12)
    at module.exports [as INTERACTION_CREATE] (/Users/carlosdiazplaza/ative_casino_bot/uas/node_modules/discord.js/src/client/websocket/handlers/INTERACTION_CREATE.js:4:36)
    at WebSocketManager.handlePacket (/Users/carlosdiazplaza/ative_casino_bot/uas/node_modules/discord.js/src/client/websocket/WebSocketManager.js:352:31)
    at WebSocketManager.<anonymous> (/Users/carlosdiazplaza/ative_casino_bot/uas/node_modules/discord.js/src/client/websocket/WebSocketManager.js:236:12)
2025-09-02 15:53:39 [ERROR]: Error: Unknown column 'guild_id' in 'INSERT INTO'
    at PromisePool.execute (/Users/carlosdiazplaza/ative_casino_bot/uas/node_modules/mysql2/lib/promise/pool.js:54:22)
    at DatabaseManager.updateServerConfig (/Users/carlosdiazplaza/ative_casino_bot/uas/UTILS/database.js:352:29)
    at Object.execute (/Users/carlosdiazplaza/ative_casino_bot/uas/COMMANDS/SECURITY/raidmode.js:53:29)
    at process.processTicksAndRejections (node:internal/process/task_queues:105:5)
    at async Object.execute (/Users/carlosdiazplaza/ative_casino_bot/uas/EVENTS/interactionCreate.js:29:13)
2025-09-02 15:53:39 [ERROR]: Error: Bind parameters must not contain undefined. To pass SQL NULL specify JS null
    at PromisePool.execute (/Users/carlosdiazplaza/ative_casino_bot/uas/node_modules/mysql2/lib/promise/pool.js:54:22)
    at DatabaseManager.getServerConfig (/Users/carlosdiazplaza/ative_casino_bot/uas/UTILS/database.js:325:44)
    at AntiRaid.enableRaidMode (/Users/carlosdiazplaza/ative_casino_bot/uas/SECURITY/antiRaid.js:100:44)
    at Object.execute (/Users/carlosdiazplaza/ative_casino_bot/uas/COMMANDS/SECURITY/raidmode.js:57:45)
    at process.processTicksAndRejections (node:internal/process/task_queues:105:5)
    at async Object.execute (/Users/carlosdiazplaza/ative_casino_bot/uas/EVENTS/interactionCreate.js:29:13)
2025-09-02 15:53:39 [ERROR]: Error: Bind parameters must not contain undefined. To pass SQL NULL specify JS null
    at PromisePool.execute (/Users/carlosdiazplaza/ative_casino_bot/uas/node_modules/mysql2/lib/promise/pool.js:54:22)
    at DatabaseManager.updateServerConfig (/Users/carlosdiazplaza/ative_casino_bot/uas/UTILS/database.js:352:29)
    at AntiRaid.enableRaidMode (/Users/carlosdiazplaza/ative_casino_bot/uas/SECURITY/antiRaid.js:102:29)
    at process.processTicksAndRejections (node:internal/process/task_queues:105:5)
2025-09-02 15:53:39 [ERROR]: TypeError: Cannot read properties of undefined (reading 'includes')
    at AntiRaid.enableRaidMode (/Users/carlosdiazplaza/ative_casino_bot/uas/SECURITY/antiRaid.js:105:32)
    at process.processTicksAndRejections (node:internal/process/task_queues:105:5)
2025-09-02 15:54:28 [ERROR]: TypeError: Cannot read properties of null (reading 'id')
    at Object.execute (/Users/carlosdiazplaza/ative_casino_bot/uas/COMMANDS/SHIFT/clockin.js:18:47)
    at process.processTicksAndRejections (node:internal/process/task_queues:105:5)
    at async Object.execute (/Users/carlosdiazplaza/ative_casino_bot/uas/EVENTS/interactionCreate.js:29:13)
2025-09-02 16:12:28 [ERROR]: Error: Can't add new command when connection is in closed state
    at PromisePool.end (/Users/carlosdiazplaza/ative_casino_bot/uas/node_modules/mysql2/lib/promise/pool.js:72:22)
    at DatabaseManager.closeConnection (/Users/carlosdiazplaza/ative_casino_bot/uas/UTILS/database.js:373:29)
    at process.<anonymous> (/Users/carlosdiazplaza/ative_casino_bot/uas/index.js:121:25)
    at process.processTicksAndRejections (node:internal/process/task_queues:105:5)
2025-09-02 16:47:30 [ERROR]: Error: Cannot find module '../UTILS/database'
Require stack:
- /Users/carlosdiazplaza/ative_casino_bot/uas/COMMANDS/ECONOMY/beg.js
- /Users/carlosdiazplaza/ative_casino_bot/uas/index.js
    at Function._resolveFilename (node:internal/modules/cjs/loader:1225:15)
    at Function._load (node:internal/modules/cjs/loader:1055:27)
    at TracingChannel.traceSync (node:diagnostics_channel:322:14)
    at wrapModuleLoad (node:internal/modules/cjs/loader:220:24)
    at Module.require (node:internal/modules/cjs/loader:1311:12)
    at require (node:internal/modules/helpers:136:16)
    at Object.<anonymous> (/Users/carlosdiazplaza/ative_casino_bot/uas/COMMANDS/ECONOMY/beg.js:7:19)
    at Module._compile (node:internal/modules/cjs/loader:1554:14)
    at Object..js (node:internal/modules/cjs/loader:1706:10)
    at Module.load (node:internal/modules/cjs/loader:1289:32)
2025-09-02 16:47:30 [ERROR]: Error: Cannot find module '../UTILS/database'
Require stack:
- /Users/carlosdiazplaza/ative_casino_bot/uas/COMMANDS/ECONOMY/crime.js
- /Users/carlosdiazplaza/ative_casino_bot/uas/index.js
    at Function._resolveFilename (node:internal/modules/cjs/loader:1225:15)
    at Function._load (node:internal/modules/cjs/loader:1055:27)
    at TracingChannel.traceSync (node:diagnostics_channel:322:14)
    at wrapModuleLoad (node:internal/modules/cjs/loader:220:24)
    at Module.require (node:internal/modules/cjs/loader:1311:12)
    at require (node:internal/modules/helpers:136:16)
    at Object.<anonymous> (/Users/carlosdiazplaza/ative_casino_bot/uas/COMMANDS/ECONOMY/crime.js:7:19)
    at Module._compile (node:internal/modules/cjs/loader:1554:14)
    at Object..js (node:internal/modules/cjs/loader:1706:10)
    at Module.load (node:internal/modules/cjs/loader:1289:32)
2025-09-02 16:47:30 [ERROR]: Error: Cannot find module '../UTILS/database'
Require stack:
- /Users/carlosdiazplaza/ative_casino_bot/uas/COMMANDS/ECONOMY/deposit.js
- /Users/carlosdiazplaza/ative_casino_bot/uas/index.js
    at Function._resolveFilename (node:internal/modules/cjs/loader:1225:15)
    at Function._load (node:internal/modules/cjs/loader:1055:27)
    at TracingChannel.traceSync (node:diagnostics_channel:322:14)
    at wrapModuleLoad (node:internal/modules/cjs/loader:220:24)
    at Module.require (node:internal/modules/cjs/loader:1311:12)
    at require (node:internal/modules/helpers:136:16)
    at Object.<anonymous> (/Users/carlosdiazplaza/ative_casino_bot/uas/COMMANDS/ECONOMY/deposit.js:7:19)
    at Module._compile (node:internal/modules/cjs/loader:1554:14)
    at Object..js (node:internal/modules/cjs/loader:1706:10)
    at Module.load (node:internal/modules/cjs/loader:1289:32)
2025-09-02 16:47:30 [ERROR]: Error: Cannot find module '../UTILS/database'
Require stack:
- /Users/carlosdiazplaza/ative_casino_bot/uas/COMMANDS/ECONOMY/earnmoney.js
- /Users/carlosdiazplaza/ative_casino_bot/uas/index.js
    at Function._resolveFilename (node:internal/modules/cjs/loader:1225:15)
    at Function._load (node:internal/modules/cjs/loader:1055:27)
    at TracingChannel.traceSync (node:diagnostics_channel:322:14)
    at wrapModuleLoad (node:internal/modules/cjs/loader:220:24)
    at Module.require (node:internal/modules/cjs/loader:1311:12)
    at require (node:internal/modules/helpers:136:16)
    at Object.<anonymous> (/Users/carlosdiazplaza/ative_casino_bot/uas/COMMANDS/ECONOMY/earnmoney.js:7:19)
    at Module._compile (node:internal/modules/cjs/loader:1554:14)
    at Object..js (node:internal/modules/cjs/loader:1706:10)
    at Module.load (node:internal/modules/cjs/loader:1289:32)
2025-09-02 16:47:30 [ERROR]: Error: Cannot find module '../UTILS/database'
Require stack:
- /Users/carlosdiazplaza/ative_casino_bot/uas/COMMANDS/ECONOMY/economy.js
- /Users/carlosdiazplaza/ative_casino_bot/uas/index.js
    at Function._resolveFilename (node:internal/modules/cjs/loader:1225:15)
    at Function._load (node:internal/modules/cjs/loader:1055:27)
    at TracingChannel.traceSync (node:diagnostics_channel:322:14)
    at wrapModuleLoad (node:internal/modules/cjs/loader:220:24)
    at Module.require (node:internal/modules/cjs/loader:1311:12)
    at require (node:internal/modules/helpers:136:16)
    at Object.<anonymous> (/Users/carlosdiazplaza/ative_casino_bot/uas/COMMANDS/ECONOMY/economy.js:7:19)
    at Module._compile (node:internal/modules/cjs/loader:1554:14)
    at Object..js (node:internal/modules/cjs/loader:1706:10)
    at Module.load (node:internal/modules/cjs/loader:1289:32)
2025-09-02 16:47:30 [ERROR]: Error: Cannot find module '../UTILS/gameSessionKit'
Require stack:
- /Users/carlosdiazplaza/ative_casino_bot/uas/COMMANDS/ECONOMY/economyreport.js
- /Users/carlosdiazplaza/ative_casino_bot/uas/index.js
    at Function._resolveFilename (node:internal/modules/cjs/loader:1225:15)
    at Function._load (node:internal/modules/cjs/loader:1055:27)
    at TracingChannel.traceSync (node:diagnostics_channel:322:14)
    at wrapModuleLoad (node:internal/modules/cjs/loader:220:24)
    at Module.require (node:internal/modules/cjs/loader:1311:12)
    at require (node:internal/modules/helpers:136:16)
    at Object.<anonymous> (/Users/carlosdiazplaza/ative_casino_bot/uas/COMMANDS/ECONOMY/economyreport.js:18:31)
    at Module._compile (node:internal/modules/cjs/loader:1554:14)
    at Object..js (node:internal/modules/cjs/loader:1706:10)
    at Module.load (node:internal/modules/cjs/loader:1289:32)
2025-09-02 16:47:30 [ERROR]: Error: Cannot find module '../UTILS/database'
Require stack:
- /Users/carlosdiazplaza/ative_casino_bot/uas/COMMANDS/ECONOMY/general.js
- /Users/carlosdiazplaza/ative_casino_bot/uas/index.js
    at Function._resolveFilename (node:internal/modules/cjs/loader:1225:15)
    at Function._load (node:internal/modules/cjs/loader:1055:27)
    at TracingChannel.traceSync (node:diagnostics_channel:322:14)
    at wrapModuleLoad (node:internal/modules/cjs/loader:220:24)
    at Module.require (node:internal/modules/cjs/loader:1311:12)
    at require (node:internal/modules/helpers:136:16)
    at Object.<anonymous> (/Users/carlosdiazplaza/ative_casino_bot/uas/COMMANDS/ECONOMY/general.js:7:19)
    at Module._compile (node:internal/modules/cjs/loader:1554:14)
    at Object..js (node:internal/modules/cjs/loader:1706:10)
    at Module.load (node:internal/modules/cjs/loader:1289:32)
2025-09-02 16:47:30 [ERROR]: Error: Cannot find module '../UTILS/gameSessionKit'
Require stack:
- /Users/carlosdiazplaza/ative_casino_bot/uas/COMMANDS/ECONOMY/generateEconomyData.js
- /Users/carlosdiazplaza/ative_casino_bot/uas/index.js
    at Function._resolveFilename (node:internal/modules/cjs/loader:1225:15)
    at Function._load (node:internal/modules/cjs/loader:1055:27)
    at TracingChannel.traceSync (node:diagnostics_channel:322:14)
    at wrapModuleLoad (node:internal/modules/cjs/loader:220:24)
    at Module.require (node:internal/modules/cjs/loader:1311:12)
    at require (node:internal/modules/helpers:136:16)
    at Object.<anonymous> (/Users/carlosdiazplaza/ative_casino_bot/uas/COMMANDS/ECONOMY/generateEconomyData.js:14:31)
    at Module._compile (node:internal/modules/cjs/loader:1554:14)
    at Object..js (node:internal/modules/cjs/loader:1706:10)
    at Module.load (node:internal/modules/cjs/loader:1289:32)
2025-09-02 16:47:30 [ERROR]: Error: Cannot find module '../UTILS/database'
Require stack:
- /Users/carlosdiazplaza/ative_casino_bot/uas/COMMANDS/ECONOMY/leaderboard.js
- /Users/carlosdiazplaza/ative_casino_bot/uas/index.js
    at Function._resolveFilename (node:internal/modules/cjs/loader:1225:15)
    at Function._load (node:internal/modules/cjs/loader:1055:27)
    at TracingChannel.traceSync (node:diagnostics_channel:322:14)
    at wrapModuleLoad (node:internal/modules/cjs/loader:220:24)
    at Module.require (node:internal/modules/cjs/loader:1311:12)
    at require (node:internal/modules/helpers:136:16)
    at Object.<anonymous> (/Users/carlosdiazplaza/ative_casino_bot/uas/COMMANDS/ECONOMY/leaderboard.js:7:19)
    at Module._compile (node:internal/modules/cjs/loader:1554:14)
    at Object..js (node:internal/modules/cjs/loader:1706:10)
    at Module.load (node:internal/modules/cjs/loader:1289:32)
2025-09-02 16:47:30 [ERROR]: Error: Cannot find module '../UTILS/database'
Require stack:
- /Users/carlosdiazplaza/ative_casino_bot/uas/COMMANDS/ECONOMY/mystats.js
- /Users/carlosdiazplaza/ative_casino_bot/uas/index.js
    at Function._resolveFilename (node:internal/modules/cjs/loader:1225:15)
    at Function._load (node:internal/modules/cjs/loader:1055:27)
    at TracingChannel.traceSync (node:diagnostics_channel:322:14)
    at wrapModuleLoad (node:internal/modules/cjs/loader:220:24)
    at Module.require (node:internal/modules/cjs/loader:1311:12)
    at require (node:internal/modules/helpers:136:16)
    at Object.<anonymous> (/Users/carlosdiazplaza/ative_casino_bot/uas/COMMANDS/ECONOMY/mystats.js:7:19)
    at Module._compile (node:internal/modules/cjs/loader:1554:14)
    at Object..js (node:internal/modules/cjs/loader:1706:10)
    at Module.load (node:internal/modules/cjs/loader:1289:32)
2025-09-02 16:47:30 [ERROR]: Error: Cannot find module '../UTILS/panelManager'
Require stack:
- /Users/carlosdiazplaza/ative_casino_bot/uas/COMMANDS/ECONOMY/panel.js
- /Users/carlosdiazplaza/ative_casino_bot/uas/index.js
    at Function._resolveFilename (node:internal/modules/cjs/loader:1225:15)
    at Function._load (node:internal/modules/cjs/loader:1055:27)
    at TracingChannel.traceSync (node:diagnostics_channel:322:14)
    at wrapModuleLoad (node:internal/modules/cjs/loader:220:24)
    at Module.require (node:internal/modules/cjs/loader:1311:12)
    at require (node:internal/modules/helpers:136:16)
    at Object.<anonymous> (/Users/carlosdiazplaza/ative_casino_bot/uas/COMMANDS/ECONOMY/panel.js:7:22)
    at Module._compile (node:internal/modules/cjs/loader:1554:14)
    at Object..js (node:internal/modules/cjs/loader:1706:10)
    at Module.load (node:internal/modules/cjs/loader:1289:32)
2025-09-02 16:47:30 [ERROR]: Error: Cannot find module '../UTILS/database'
Require stack:
- /Users/carlosdiazplaza/ative_casino_bot/uas/COMMANDS/ECONOMY/playersreset.js
- /Users/carlosdiazplaza/ative_casino_bot/uas/index.js
    at Function._resolveFilename (node:internal/modules/cjs/loader:1225:15)
    at Function._load (node:internal/modules/cjs/loader:1055:27)
    at TracingChannel.traceSync (node:diagnostics_channel:322:14)
    at wrapModuleLoad (node:internal/modules/cjs/loader:220:24)
    at Module.require (node:internal/modules/cjs/loader:1311:12)
    at require (node:internal/modules/helpers:136:16)
    at Object.<anonymous> (/Users/carlosdiazplaza/ative_casino_bot/uas/COMMANDS/ECONOMY/playersreset.js:7:19)
    at Module._compile (node:internal/modules/cjs/loader:1554:14)
    at Object..js (node:internal/modules/cjs/loader:1706:10)
    at Module.load (node:internal/modules/cjs/loader:1289:32)
2025-09-02 16:47:30 [ERROR]: Error: Cannot find module '../UTILS/database'
Require stack:
- /Users/carlosdiazplaza/ative_casino_bot/uas/COMMANDS/ECONOMY/rob.js
- /Users/carlosdiazplaza/ative_casino_bot/uas/index.js
    at Function._resolveFilename (node:internal/modules/cjs/loader:1225:15)
    at Function._load (node:internal/modules/cjs/loader:1055:27)
    at TracingChannel.traceSync (node:diagnostics_channel:322:14)
    at wrapModuleLoad (node:internal/modules/cjs/loader:220:24)
    at Module.require (node:internal/modules/cjs/loader:1311:12)
    at require (node:internal/modules/helpers:136:16)
    at Object.<anonymous> (/Users/carlosdiazplaza/ative_casino_bot/uas/COMMANDS/ECONOMY/rob.js:8:19)
    at Module._compile (node:internal/modules/cjs/loader:1554:14)
    at Object..js (node:internal/modules/cjs/loader:1706:10)
    at Module.load (node:internal/modules/cjs/loader:1289:32)
2025-09-02 16:47:30 [ERROR]: Error: Cannot find module '../UTILS/database'
Require stack:
- /Users/carlosdiazplaza/ative_casino_bot/uas/COMMANDS/ECONOMY/sendmoney.js
- /Users/carlosdiazplaza/ative_casino_bot/uas/index.js
    at Function._resolveFilename (node:internal/modules/cjs/loader:1225:15)
    at Function._load (node:internal/modules/cjs/loader:1055:27)
    at TracingChannel.traceSync (node:diagnostics_channel:322:14)
    at wrapModuleLoad (node:internal/modules/cjs/loader:220:24)
    at Module.require (node:internal/modules/cjs/loader:1311:12)
    at require (node:internal/modules/helpers:136:16)
    at Object.<anonymous> (/Users/carlosdiazplaza/ative_casino_bot/uas/COMMANDS/ECONOMY/sendmoney.js:7:19)
    at Module._compile (node:internal/modules/cjs/loader:1554:14)
    at Object..js (node:internal/modules/cjs/loader:1706:10)
    at Module.load (node:internal/modules/cjs/loader:1289:32)
2025-09-02 16:47:30 [ERROR]: Error: Cannot find module '../UTILS/common'
Require stack:
- /Users/carlosdiazplaza/ative_casino_bot/uas/COMMANDS/ECONOMY/taxstatus.js
- /Users/carlosdiazplaza/ative_casino_bot/uas/index.js
    at Function._resolveFilename (node:internal/modules/cjs/loader:1225:15)
    at Function._load (node:internal/modules/cjs/loader:1055:27)
    at TracingChannel.traceSync (node:diagnostics_channel:322:14)
    at wrapModuleLoad (node:internal/modules/cjs/loader:220:24)
    at Module.require (node:internal/modules/cjs/loader:1311:12)
    at require (node:internal/modules/helpers:136:16)
    at Object.<anonymous> (/Users/carlosdiazplaza/ative_casino_bot/uas/COMMANDS/ECONOMY/taxstatus.js:6:29)
    at Module._compile (node:internal/modules/cjs/loader:1554:14)
    at Object..js (node:internal/modules/cjs/loader:1706:10)
    at Module.load (node:internal/modules/cjs/loader:1289:32)
2025-09-02 16:47:30 [ERROR]: Error: Cannot find module '../UTILS/common'
Require stack:
- /Users/carlosdiazplaza/ative_casino_bot/uas/COMMANDS/ECONOMY/wealthstatus.js
- /Users/carlosdiazplaza/ative_casino_bot/uas/index.js
    at Function._resolveFilename (node:internal/modules/cjs/loader:1225:15)
    at Function._load (node:internal/modules/cjs/loader:1055:27)
    at TracingChannel.traceSync (node:diagnostics_channel:322:14)
    at wrapModuleLoad (node:internal/modules/cjs/loader:220:24)
    at Module.require (node:internal/modules/cjs/loader:1311:12)
    at require (node:internal/modules/helpers:136:16)
    at Object.<anonymous> (/Users/carlosdiazplaza/ative_casino_bot/uas/COMMANDS/ECONOMY/wealthstatus.js:6:29)
    at Module._compile (node:internal/modules/cjs/loader:1554:14)
    at Object..js (node:internal/modules/cjs/loader:1706:10)
    at Module.load (node:internal/modules/cjs/loader:1289:32)
2025-09-02 16:47:30 [ERROR]: Error: Cannot find module '../UTILS/database'
Require stack:
- /Users/carlosdiazplaza/ative_casino_bot/uas/COMMANDS/ECONOMY/withdraw.js
- /Users/carlosdiazplaza/ative_casino_bot/uas/index.js
    at Function._resolveFilename (node:internal/modules/cjs/loader:1225:15)
    at Function._load (node:internal/modules/cjs/loader:1055:27)
    at TracingChannel.traceSync (node:diagnostics_channel:322:14)
    at wrapModuleLoad (node:internal/modules/cjs/loader:220:24)
    at Module.require (node:internal/modules/cjs/loader:1311:12)
    at require (node:internal/modules/helpers:136:16)
    at Object.<anonymous> (/Users/carlosdiazplaza/ative_casino_bot/uas/COMMANDS/ECONOMY/withdraw.js:7:19)
    at Module._compile (node:internal/modules/cjs/loader:1554:14)
    at Object..js (node:internal/modules/cjs/loader:1706:10)
    at Module.load (node:internal/modules/cjs/loader:1289:32)
2025-09-02 16:47:30 [ERROR]: Error: Cannot find module '../UTILS/database'
Require stack:
- /Users/carlosdiazplaza/ative_casino_bot/uas/COMMANDS/ECONOMY/work.js
- /Users/carlosdiazplaza/ative_casino_bot/uas/index.js
    at Function._resolveFilename (node:internal/modules/cjs/loader:1225:15)
    at Function._load (node:internal/modules/cjs/loader:1055:27)
    at TracingChannel.traceSync (node:diagnostics_channel:322:14)
    at wrapModuleLoad (node:internal/modules/cjs/loader:220:24)
    at Module.require (node:internal/modules/cjs/loader:1311:12)
    at require (node:internal/modules/helpers:136:16)
    at Object.<anonymous> (/Users/carlosdiazplaza/ative_casino_bot/uas/COMMANDS/ECONOMY/work.js:7:19)
    at Module._compile (node:internal/modules/cjs/loader:1554:14)
    at Object..js (node:internal/modules/cjs/loader:1706:10)
    at Module.load (node:internal/modules/cjs/loader:1289:32)
2025-09-02 16:48:00 [ERROR]: Error: Cannot find module '../UTILS/database'
Require stack:
- /Users/carlosdiazplaza/ative_casino_bot/uas/COMMANDS/ECONOMY/beg.js
- /Users/carlosdiazplaza/ative_casino_bot/uas/index.js
    at Function._resolveFilename (node:internal/modules/cjs/loader:1225:15)
    at Function._load (node:internal/modules/cjs/loader:1055:27)
    at TracingChannel.traceSync (node:diagnostics_channel:322:14)
    at wrapModuleLoad (node:internal/modules/cjs/loader:220:24)
    at Module.require (node:internal/modules/cjs/loader:1311:12)
    at require (node:internal/modules/helpers:136:16)
    at Object.<anonymous> (/Users/carlosdiazplaza/ative_casino_bot/uas/COMMANDS/ECONOMY/beg.js:7:19)
    at Module._compile (node:internal/modules/cjs/loader:1554:14)
    at Object..js (node:internal/modules/cjs/loader:1706:10)
    at Module.load (node:internal/modules/cjs/loader:1289:32)
2025-09-02 16:48:00 [ERROR]: Error: Cannot find module '../UTILS/database'
Require stack:
- /Users/carlosdiazplaza/ative_casino_bot/uas/COMMANDS/ECONOMY/crime.js
- /Users/carlosdiazplaza/ative_casino_bot/uas/index.js
    at Function._resolveFilename (node:internal/modules/cjs/loader:1225:15)
    at Function._load (node:internal/modules/cjs/loader:1055:27)
    at TracingChannel.traceSync (node:diagnostics_channel:322:14)
    at wrapModuleLoad (node:internal/modules/cjs/loader:220:24)
    at Module.require (node:internal/modules/cjs/loader:1311:12)
    at require (node:internal/modules/helpers:136:16)
    at Object.<anonymous> (/Users/carlosdiazplaza/ative_casino_bot/uas/COMMANDS/ECONOMY/crime.js:7:19)
    at Module._compile (node:internal/modules/cjs/loader:1554:14)
    at Object..js (node:internal/modules/cjs/loader:1706:10)
    at Module.load (node:internal/modules/cjs/loader:1289:32)
2025-09-02 16:48:00 [ERROR]: Error: Cannot find module '../UTILS/database'
Require stack:
- /Users/carlosdiazplaza/ative_casino_bot/uas/COMMANDS/ECONOMY/deposit.js
- /Users/carlosdiazplaza/ative_casino_bot/uas/index.js
    at Function._resolveFilename (node:internal/modules/cjs/loader:1225:15)
    at Function._load (node:internal/modules/cjs/loader:1055:27)
    at TracingChannel.traceSync (node:diagnostics_channel:322:14)
    at wrapModuleLoad (node:internal/modules/cjs/loader:220:24)
    at Module.require (node:internal/modules/cjs/loader:1311:12)
    at require (node:internal/modules/helpers:136:16)
    at Object.<anonymous> (/Users/carlosdiazplaza/ative_casino_bot/uas/COMMANDS/ECONOMY/deposit.js:7:19)
    at Module._compile (node:internal/modules/cjs/loader:1554:14)
    at Object..js (node:internal/modules/cjs/loader:1706:10)
    at Module.load (node:internal/modules/cjs/loader:1289:32)
2025-09-02 16:48:00 [ERROR]: Error: Cannot find module '../UTILS/database'
Require stack:
- /Users/carlosdiazplaza/ative_casino_bot/uas/COMMANDS/ECONOMY/earnmoney.js
- /Users/carlosdiazplaza/ative_casino_bot/uas/index.js
    at Function._resolveFilename (node:internal/modules/cjs/loader:1225:15)
    at Function._load (node:internal/modules/cjs/loader:1055:27)
    at TracingChannel.traceSync (node:diagnostics_channel:322:14)
    at wrapModuleLoad (node:internal/modules/cjs/loader:220:24)
    at Module.require (node:internal/modules/cjs/loader:1311:12)
    at require (node:internal/modules/helpers:136:16)
    at Object.<anonymous> (/Users/carlosdiazplaza/ative_casino_bot/uas/COMMANDS/ECONOMY/earnmoney.js:7:19)
    at Module._compile (node:internal/modules/cjs/loader:1554:14)
    at Object..js (node:internal/modules/cjs/loader:1706:10)
    at Module.load (node:internal/modules/cjs/loader:1289:32)
2025-09-02 16:48:00 [ERROR]: Error: Cannot find module '../UTILS/database'
Require stack:
- /Users/carlosdiazplaza/ative_casino_bot/uas/COMMANDS/ECONOMY/economy.js
- /Users/carlosdiazplaza/ative_casino_bot/uas/index.js
    at Function._resolveFilename (node:internal/modules/cjs/loader:1225:15)
    at Function._load (node:internal/modules/cjs/loader:1055:27)
    at TracingChannel.traceSync (node:diagnostics_channel:322:14)
    at wrapModuleLoad (node:internal/modules/cjs/loader:220:24)
    at Module.require (node:internal/modules/cjs/loader:1311:12)
    at require (node:internal/modules/helpers:136:16)
    at Object.<anonymous> (/Users/carlosdiazplaza/ative_casino_bot/uas/COMMANDS/ECONOMY/economy.js:7:19)
    at Module._compile (node:internal/modules/cjs/loader:1554:14)
    at Object..js (node:internal/modules/cjs/loader:1706:10)
    at Module.load (node:internal/modules/cjs/loader:1289:32)
2025-09-02 16:48:00 [ERROR]: Error: Cannot find module '../UTILS/gameSessionKit'
Require stack:
- /Users/carlosdiazplaza/ative_casino_bot/uas/COMMANDS/ECONOMY/economyreport.js
- /Users/carlosdiazplaza/ative_casino_bot/uas/index.js
    at Function._resolveFilename (node:internal/modules/cjs/loader:1225:15)
    at Function._load (node:internal/modules/cjs/loader:1055:27)
    at TracingChannel.traceSync (node:diagnostics_channel:322:14)
    at wrapModuleLoad (node:internal/modules/cjs/loader:220:24)
    at Module.require (node:internal/modules/cjs/loader:1311:12)
    at require (node:internal/modules/helpers:136:16)
    at Object.<anonymous> (/Users/carlosdiazplaza/ative_casino_bot/uas/COMMANDS/ECONOMY/economyreport.js:18:31)
    at Module._compile (node:internal/modules/cjs/loader:1554:14)
    at Object..js (node:internal/modules/cjs/loader:1706:10)
    at Module.load (node:internal/modules/cjs/loader:1289:32)
2025-09-02 16:48:00 [ERROR]: Error: Cannot find module '../UTILS/database'
Require stack:
- /Users/carlosdiazplaza/ative_casino_bot/uas/COMMANDS/ECONOMY/general.js
- /Users/carlosdiazplaza/ative_casino_bot/uas/index.js
    at Function._resolveFilename (node:internal/modules/cjs/loader:1225:15)
    at Function._load (node:internal/modules/cjs/loader:1055:27)
    at TracingChannel.traceSync (node:diagnostics_channel:322:14)
    at wrapModuleLoad (node:internal/modules/cjs/loader:220:24)
    at Module.require (node:internal/modules/cjs/loader:1311:12)
    at require (node:internal/modules/helpers:136:16)
    at Object.<anonymous> (/Users/carlosdiazplaza/ative_casino_bot/uas/COMMANDS/ECONOMY/general.js:7:19)
    at Module._compile (node:internal/modules/cjs/loader:1554:14)
    at Object..js (node:internal/modules/cjs/loader:1706:10)
    at Module.load (node:internal/modules/cjs/loader:1289:32)
2025-09-02 16:48:00 [ERROR]: Error: Cannot find module '../UTILS/gameSessionKit'
Require stack:
- /Users/carlosdiazplaza/ative_casino_bot/uas/COMMANDS/ECONOMY/generateEconomyData.js
- /Users/carlosdiazplaza/ative_casino_bot/uas/index.js
    at Function._resolveFilename (node:internal/modules/cjs/loader:1225:15)
    at Function._load (node:internal/modules/cjs/loader:1055:27)
    at TracingChannel.traceSync (node:diagnostics_channel:322:14)
    at wrapModuleLoad (node:internal/modules/cjs/loader:220:24)
    at Module.require (node:internal/modules/cjs/loader:1311:12)
    at require (node:internal/modules/helpers:136:16)
    at Object.<anonymous> (/Users/carlosdiazplaza/ative_casino_bot/uas/COMMANDS/ECONOMY/generateEconomyData.js:14:31)
    at Module._compile (node:internal/modules/cjs/loader:1554:14)
    at Object..js (node:internal/modules/cjs/loader:1706:10)
    at Module.load (node:internal/modules/cjs/loader:1289:32)
2025-09-02 16:48:00 [ERROR]: Error: Cannot find module '../UTILS/database'
Require stack:
- /Users/carlosdiazplaza/ative_casino_bot/uas/COMMANDS/ECONOMY/leaderboard.js
- /Users/carlosdiazplaza/ative_casino_bot/uas/index.js
    at Function._resolveFilename (node:internal/modules/cjs/loader:1225:15)
    at Function._load (node:internal/modules/cjs/loader:1055:27)
    at TracingChannel.traceSync (node:diagnostics_channel:322:14)
    at wrapModuleLoad (node:internal/modules/cjs/loader:220:24)
    at Module.require (node:internal/modules/cjs/loader:1311:12)
    at require (node:internal/modules/helpers:136:16)
    at Object.<anonymous> (/Users/carlosdiazplaza/ative_casino_bot/uas/COMMANDS/ECONOMY/leaderboard.js:7:19)
    at Module._compile (node:internal/modules/cjs/loader:1554:14)
    at Object..js (node:internal/modules/cjs/loader:1706:10)
    at Module.load (node:internal/modules/cjs/loader:1289:32)
2025-09-02 16:48:00 [ERROR]: Error: Cannot find module '../UTILS/database'
Require stack:
- /Users/carlosdiazplaza/ative_casino_bot/uas/COMMANDS/ECONOMY/mystats.js
- /Users/carlosdiazplaza/ative_casino_bot/uas/index.js
    at Function._resolveFilename (node:internal/modules/cjs/loader:1225:15)
    at Function._load (node:internal/modules/cjs/loader:1055:27)
    at TracingChannel.traceSync (node:diagnostics_channel:322:14)
    at wrapModuleLoad (node:internal/modules/cjs/loader:220:24)
    at Module.require (node:internal/modules/cjs/loader:1311:12)
    at require (node:internal/modules/helpers:136:16)
    at Object.<anonymous> (/Users/carlosdiazplaza/ative_casino_bot/uas/COMMANDS/ECONOMY/mystats.js:7:19)
    at Module._compile (node:internal/modules/cjs/loader:1554:14)
    at Object..js (node:internal/modules/cjs/loader:1706:10)
    at Module.load (node:internal/modules/cjs/loader:1289:32)
2025-09-02 16:48:00 [ERROR]: Error: Cannot find module '../UTILS/panelManager'
Require stack:
- /Users/carlosdiazplaza/ative_casino_bot/uas/COMMANDS/ECONOMY/panel.js
- /Users/carlosdiazplaza/ative_casino_bot/uas/index.js
    at Function._resolveFilename (node:internal/modules/cjs/loader:1225:15)
    at Function._load (node:internal/modules/cjs/loader:1055:27)
    at TracingChannel.traceSync (node:diagnostics_channel:322:14)
    at wrapModuleLoad (node:internal/modules/cjs/loader:220:24)
    at Module.require (node:internal/modules/cjs/loader:1311:12)
    at require (node:internal/modules/helpers:136:16)
    at Object.<anonymous> (/Users/carlosdiazplaza/ative_casino_bot/uas/COMMANDS/ECONOMY/panel.js:7:22)
    at Module._compile (node:internal/modules/cjs/loader:1554:14)
    at Object..js (node:internal/modules/cjs/loader:1706:10)
    at Module.load (node:internal/modules/cjs/loader:1289:32)
2025-09-02 16:48:00 [ERROR]: Error: Cannot find module '../UTILS/database'
Require stack:
- /Users/carlosdiazplaza/ative_casino_bot/uas/COMMANDS/ECONOMY/playersreset.js
- /Users/carlosdiazplaza/ative_casino_bot/uas/index.js
    at Function._resolveFilename (node:internal/modules/cjs/loader:1225:15)
    at Function._load (node:internal/modules/cjs/loader:1055:27)
    at TracingChannel.traceSync (node:diagnostics_channel:322:14)
    at wrapModuleLoad (node:internal/modules/cjs/loader:220:24)
    at Module.require (node:internal/modules/cjs/loader:1311:12)
    at require (node:internal/modules/helpers:136:16)
    at Object.<anonymous> (/Users/carlosdiazplaza/ative_casino_bot/uas/COMMANDS/ECONOMY/playersreset.js:7:19)
    at Module._compile (node:internal/modules/cjs/loader:1554:14)
    at Object..js (node:internal/modules/cjs/loader:1706:10)
    at Module.load (node:internal/modules/cjs/loader:1289:32)
2025-09-02 16:48:00 [ERROR]: Error: Cannot find module '../UTILS/database'
Require stack:
- /Users/carlosdiazplaza/ative_casino_bot/uas/COMMANDS/ECONOMY/rob.js
- /Users/carlosdiazplaza/ative_casino_bot/uas/index.js
    at Function._resolveFilename (node:internal/modules/cjs/loader:1225:15)
    at Function._load (node:internal/modules/cjs/loader:1055:27)
    at TracingChannel.traceSync (node:diagnostics_channel:322:14)
    at wrapModuleLoad (node:internal/modules/cjs/loader:220:24)
    at Module.require (node:internal/modules/cjs/loader:1311:12)
    at require (node:internal/modules/helpers:136:16)
    at Object.<anonymous> (/Users/carlosdiazplaza/ative_casino_bot/uas/COMMANDS/ECONOMY/rob.js:8:19)
    at Module._compile (node:internal/modules/cjs/loader:1554:14)
    at Object..js (node:internal/modules/cjs/loader:1706:10)
    at Module.load (node:internal/modules/cjs/loader:1289:32)
2025-09-02 16:48:00 [ERROR]: Error: Cannot find module '../UTILS/database'
Require stack:
- /Users/carlosdiazplaza/ative_casino_bot/uas/COMMANDS/ECONOMY/sendmoney.js
- /Users/carlosdiazplaza/ative_casino_bot/uas/index.js
    at Function._resolveFilename (node:internal/modules/cjs/loader:1225:15)
    at Function._load (node:internal/modules/cjs/loader:1055:27)
    at TracingChannel.traceSync (node:diagnostics_channel:322:14)
    at wrapModuleLoad (node:internal/modules/cjs/loader:220:24)
    at Module.require (node:internal/modules/cjs/loader:1311:12)
    at require (node:internal/modules/helpers:136:16)
    at Object.<anonymous> (/Users/carlosdiazplaza/ative_casino_bot/uas/COMMANDS/ECONOMY/sendmoney.js:7:19)
    at Module._compile (node:internal/modules/cjs/loader:1554:14)
    at Object..js (node:internal/modules/cjs/loader:1706:10)
    at Module.load (node:internal/modules/cjs/loader:1289:32)
2025-09-02 16:48:00 [ERROR]: Error: Cannot find module '../UTILS/common'
Require stack:
- /Users/carlosdiazplaza/ative_casino_bot/uas/COMMANDS/ECONOMY/taxstatus.js
- /Users/carlosdiazplaza/ative_casino_bot/uas/index.js
    at Function._resolveFilename (node:internal/modules/cjs/loader:1225:15)
    at Function._load (node:internal/modules/cjs/loader:1055:27)
    at TracingChannel.traceSync (node:diagnostics_channel:322:14)
    at wrapModuleLoad (node:internal/modules/cjs/loader:220:24)
    at Module.require (node:internal/modules/cjs/loader:1311:12)
    at require (node:internal/modules/helpers:136:16)
    at Object.<anonymous> (/Users/carlosdiazplaza/ative_casino_bot/uas/COMMANDS/ECONOMY/taxstatus.js:6:29)
    at Module._compile (node:internal/modules/cjs/loader:1554:14)
    at Object..js (node:internal/modules/cjs/loader:1706:10)
    at Module.load (node:internal/modules/cjs/loader:1289:32)
2025-09-02 16:48:00 [ERROR]: Error: Cannot find module '../UTILS/common'
Require stack:
- /Users/carlosdiazplaza/ative_casino_bot/uas/COMMANDS/ECONOMY/wealthstatus.js
- /Users/carlosdiazplaza/ative_casino_bot/uas/index.js
    at Function._resolveFilename (node:internal/modules/cjs/loader:1225:15)
    at Function._load (node:internal/modules/cjs/loader:1055:27)
    at TracingChannel.traceSync (node:diagnostics_channel:322:14)
    at wrapModuleLoad (node:internal/modules/cjs/loader:220:24)
    at Module.require (node:internal/modules/cjs/loader:1311:12)
    at require (node:internal/modules/helpers:136:16)
    at Object.<anonymous> (/Users/carlosdiazplaza/ative_casino_bot/uas/COMMANDS/ECONOMY/wealthstatus.js:6:29)
    at Module._compile (node:internal/modules/cjs/loader:1554:14)
    at Object..js (node:internal/modules/cjs/loader:1706:10)
    at Module.load (node:internal/modules/cjs/loader:1289:32)
2025-09-02 16:48:00 [ERROR]: Error: Cannot find module '../UTILS/database'
Require stack:
- /Users/carlosdiazplaza/ative_casino_bot/uas/COMMANDS/ECONOMY/withdraw.js
- /Users/carlosdiazplaza/ative_casino_bot/uas/index.js
    at Function._resolveFilename (node:internal/modules/cjs/loader:1225:15)
    at Function._load (node:internal/modules/cjs/loader:1055:27)
    at TracingChannel.traceSync (node:diagnostics_channel:322:14)
    at wrapModuleLoad (node:internal/modules/cjs/loader:220:24)
    at Module.require (node:internal/modules/cjs/loader:1311:12)
    at require (node:internal/modules/helpers:136:16)
    at Object.<anonymous> (/Users/carlosdiazplaza/ative_casino_bot/uas/COMMANDS/ECONOMY/withdraw.js:7:19)
    at Module._compile (node:internal/modules/cjs/loader:1554:14)
    at Object..js (node:internal/modules/cjs/loader:1706:10)
    at Module.load (node:internal/modules/cjs/loader:1289:32)
2025-09-02 16:48:00 [ERROR]: Error: Cannot find module '../UTILS/database'
Require stack:
- /Users/carlosdiazplaza/ative_casino_bot/uas/COMMANDS/ECONOMY/work.js
- /Users/carlosdiazplaza/ative_casino_bot/uas/index.js
    at Function._resolveFilename (node:internal/modules/cjs/loader:1225:15)
    at Function._load (node:internal/modules/cjs/loader:1055:27)
    at TracingChannel.traceSync (node:diagnostics_channel:322:14)
    at wrapModuleLoad (node:internal/modules/cjs/loader:220:24)
    at Module.require (node:internal/modules/cjs/loader:1311:12)
    at require (node:internal/modules/helpers:136:16)
    at Object.<anonymous> (/Users/carlosdiazplaza/ative_casino_bot/uas/COMMANDS/ECONOMY/work.js:7:19)
    at Module._compile (node:internal/modules/cjs/loader:1554:14)
    at Object..js (node:internal/modules/cjs/loader:1706:10)
    at Module.load (node:internal/modules/cjs/loader:1289:32)
2025-09-02 16:48:45 [ERROR]: Error: Cannot find module '../../UTILS/uiTemplates'
Require stack:
- /Users/carlosdiazplaza/ative_casino_bot/uas/COMMANDS/ECONOMY/earnmoney.js
- /Users/carlosdiazplaza/ative_casino_bot/uas/index.js
    at Function._resolveFilename (node:internal/modules/cjs/loader:1225:15)
    at Function._load (node:internal/modules/cjs/loader:1055:27)
    at TracingChannel.traceSync (node:diagnostics_channel:322:14)
    at wrapModuleLoad (node:internal/modules/cjs/loader:220:24)
    at Module.require (node:internal/modules/cjs/loader:1311:12)
    at require (node:internal/modules/helpers:136:16)
    at Object.<anonymous> (/Users/carlosdiazplaza/ative_casino_bot/uas/COMMANDS/ECONOMY/earnmoney.js:10:21)
    at Module._compile (node:internal/modules/cjs/loader:1554:14)
    at Object..js (node:internal/modules/cjs/loader:1706:10)
    at Module.load (node:internal/modules/cjs/loader:1289:32)
2025-09-02 16:48:45 [ERROR]: Error: Cannot find module '../../UTILS/plinkoCanvas'
Require stack:
- /Users/carlosdiazplaza/ative_casino_bot/uas/COMMANDS/ECONOMY/economy.js
- /Users/carlosdiazplaza/ative_casino_bot/uas/index.js
    at Function._resolveFilename (node:internal/modules/cjs/loader:1225:15)
    at Function._load (node:internal/modules/cjs/loader:1055:27)
    at TracingChannel.traceSync (node:diagnostics_channel:322:14)
    at wrapModuleLoad (node:internal/modules/cjs/loader:220:24)
    at Module.require (node:internal/modules/cjs/loader:1311:12)
    at require (node:internal/modules/helpers:136:16)
    at Object.<anonymous> (/Users/carlosdiazplaza/ative_casino_bot/uas/COMMANDS/ECONOMY/economy.js:9:54)
    at Module._compile (node:internal/modules/cjs/loader:1554:14)
    at Object..js (node:internal/modules/cjs/loader:1706:10)
    at Module.load (node:internal/modules/cjs/loader:1289:32)
2025-09-02 16:48:45 [ERROR]: Error: Cannot find module '../../UTILS/moneyFormatter'
Require stack:
- /Users/carlosdiazplaza/ative_casino_bot/uas/COMMANDS/ECONOMY/economyreport.js
- /Users/carlosdiazplaza/ative_casino_bot/uas/index.js
    at Function._resolveFilename (node:internal/modules/cjs/loader:1225:15)
    at Function._load (node:internal/modules/cjs/loader:1055:27)
    at TracingChannel.traceSync (node:diagnostics_channel:322:14)
    at wrapModuleLoad (node:internal/modules/cjs/loader:220:24)
    at Module.require (node:internal/modules/cjs/loader:1311:12)
    at require (node:internal/modules/helpers:136:16)
    at Object.<anonymous> (/Users/carlosdiazplaza/ative_casino_bot/uas/COMMANDS/ECONOMY/economyreport.js:19:25)
    at Module._compile (node:internal/modules/cjs/loader:1554:14)
    at Object..js (node:internal/modules/cjs/loader:1706:10)
    at Module.load (node:internal/modules/cjs/loader:1289:32)
2025-09-02 16:48:45 [ERROR]: Error: Cannot find module '../../UTILS/uiTemplates'
Require stack:
- /Users/carlosdiazplaza/ative_casino_bot/uas/COMMANDS/ECONOMY/general.js
- /Users/carlosdiazplaza/ative_casino_bot/uas/index.js
    at Function._resolveFilename (node:internal/modules/cjs/loader:1225:15)
    at Function._load (node:internal/modules/cjs/loader:1055:27)
    at TracingChannel.traceSync (node:diagnostics_channel:322:14)
    at wrapModuleLoad (node:internal/modules/cjs/loader:220:24)
    at Module.require (node:internal/modules/cjs/loader:1311:12)
    at require (node:internal/modules/helpers:136:16)
    at Object.<anonymous> (/Users/carlosdiazplaza/ative_casino_bot/uas/COMMANDS/ECONOMY/general.js:10:21)
    at Module._compile (node:internal/modules/cjs/loader:1554:14)
    at Object..js (node:internal/modules/cjs/loader:1706:10)
    at Module.load (node:internal/modules/cjs/loader:1289:32)
2025-09-02 16:48:45 [ERROR]: Error: Cannot find module '../../UTILS/panelManager'
Require stack:
- /Users/carlosdiazplaza/ative_casino_bot/uas/COMMANDS/ECONOMY/panel.js
- /Users/carlosdiazplaza/ative_casino_bot/uas/index.js
    at Function._resolveFilename (node:internal/modules/cjs/loader:1225:15)
    at Function._load (node:internal/modules/cjs/loader:1055:27)
    at TracingChannel.traceSync (node:diagnostics_channel:322:14)
    at wrapModuleLoad (node:internal/modules/cjs/loader:220:24)
    at Module.require (node:internal/modules/cjs/loader:1311:12)
    at require (node:internal/modules/helpers:136:16)
    at Object.<anonymous> (/Users/carlosdiazplaza/ative_casino_bot/uas/COMMANDS/ECONOMY/panel.js:7:22)
    at Module._compile (node:internal/modules/cjs/loader:1554:14)
    at Object..js (node:internal/modules/cjs/loader:1706:10)
    at Module.load (node:internal/modules/cjs/loader:1289:32)
2025-09-02 16:48:45 [ERROR]: Error: Cannot find module '../../UTILS/moneyFormatter'
Require stack:
- /Users/carlosdiazplaza/ative_casino_bot/uas/COMMANDS/ECONOMY/sendmoney.js
- /Users/carlosdiazplaza/ative_casino_bot/uas/index.js
    at Function._resolveFilename (node:internal/modules/cjs/loader:1225:15)
    at Function._load (node:internal/modules/cjs/loader:1055:27)
    at TracingChannel.traceSync (node:diagnostics_channel:322:14)
    at wrapModuleLoad (node:internal/modules/cjs/loader:220:24)
    at Module.require (node:internal/modules/cjs/loader:1311:12)
    at require (node:internal/modules/helpers:136:16)
    at Object.<anonymous> (/Users/carlosdiazplaza/ative_casino_bot/uas/COMMANDS/ECONOMY/sendmoney.js:9:45)
    at Module._compile (node:internal/modules/cjs/loader:1554:14)
    at Object..js (node:internal/modules/cjs/loader:1706:10)
    at Module.load (node:internal/modules/cjs/loader:1289:32)
2025-09-02 16:48:45 [ERROR]: Error: Cannot find module '../../UTILS/uiTemplates'
Require stack:
- /Users/carlosdiazplaza/ative_casino_bot/uas/COMMANDS/ECONOMY/withdraw.js
- /Users/carlosdiazplaza/ative_casino_bot/uas/index.js
    at Function._resolveFilename (node:internal/modules/cjs/loader:1225:15)
    at Function._load (node:internal/modules/cjs/loader:1055:27)
    at TracingChannel.traceSync (node:diagnostics_channel:322:14)
    at wrapModuleLoad (node:internal/modules/cjs/loader:220:24)
    at Module.require (node:internal/modules/cjs/loader:1311:12)
    at require (node:internal/modules/helpers:136:16)
    at Object.<anonymous> (/Users/carlosdiazplaza/ative_casino_bot/uas/COMMANDS/ECONOMY/withdraw.js:9:21)
    at Module._compile (node:internal/modules/cjs/loader:1554:14)
    at Object..js (node:internal/modules/cjs/loader:1706:10)
    at Module.load (node:internal/modules/cjs/loader:1289:32)
2025-09-02 16:57:32 [ERROR]: Error: Cannot find module '../../UTILS/uiTemplates'
Require stack:
- /Users/carlosdiazplaza/ative_casino_bot/uas/COMMANDS/ECONOMY/earnmoney.js
- /Users/carlosdiazplaza/ative_casino_bot/uas/index.js
    at Function._resolveFilename (node:internal/modules/cjs/loader:1225:15)
    at Function._load (node:internal/modules/cjs/loader:1055:27)
    at TracingChannel.traceSync (node:diagnostics_channel:322:14)
    at wrapModuleLoad (node:internal/modules/cjs/loader:220:24)
    at Module.require (node:internal/modules/cjs/loader:1311:12)
    at require (node:internal/modules/helpers:136:16)
    at Object.<anonymous> (/Users/carlosdiazplaza/ative_casino_bot/uas/COMMANDS/ECONOMY/earnmoney.js:10:21)
    at Module._compile (node:internal/modules/cjs/loader:1554:14)
    at Object..js (node:internal/modules/cjs/loader:1706:10)
    at Module.load (node:internal/modules/cjs/loader:1289:32)
2025-09-02 16:57:32 [ERROR]: Error: Cannot find module '../../UTILS/plinkoCanvas'
Require stack:
- /Users/carlosdiazplaza/ative_casino_bot/uas/COMMANDS/ECONOMY/economy.js
- /Users/carlosdiazplaza/ative_casino_bot/uas/index.js
    at Function._resolveFilename (node:internal/modules/cjs/loader:1225:15)
    at Function._load (node:internal/modules/cjs/loader:1055:27)
    at TracingChannel.traceSync (node:diagnostics_channel:322:14)
    at wrapModuleLoad (node:internal/modules/cjs/loader:220:24)
    at Module.require (node:internal/modules/cjs/loader:1311:12)
    at require (node:internal/modules/helpers:136:16)
    at Object.<anonymous> (/Users/carlosdiazplaza/ative_casino_bot/uas/COMMANDS/ECONOMY/economy.js:9:54)
    at Module._compile (node:internal/modules/cjs/loader:1554:14)
    at Object..js (node:internal/modules/cjs/loader:1706:10)
    at Module.load (node:internal/modules/cjs/loader:1289:32)
2025-09-02 16:57:32 [ERROR]: Error: Cannot find module '../../UTILS/moneyFormatter'
Require stack:
- /Users/carlosdiazplaza/ative_casino_bot/uas/COMMANDS/ECONOMY/economyreport.js
- /Users/carlosdiazplaza/ative_casino_bot/uas/index.js
    at Function._resolveFilename (node:internal/modules/cjs/loader:1225:15)
    at Function._load (node:internal/modules/cjs/loader:1055:27)
    at TracingChannel.traceSync (node:diagnostics_channel:322:14)
    at wrapModuleLoad (node:internal/modules/cjs/loader:220:24)
    at Module.require (node:internal/modules/cjs/loader:1311:12)
    at require (node:internal/modules/helpers:136:16)
    at Object.<anonymous> (/Users/carlosdiazplaza/ative_casino_bot/uas/COMMANDS/ECONOMY/economyreport.js:19:25)
    at Module._compile (node:internal/modules/cjs/loader:1554:14)
    at Object..js (node:internal/modules/cjs/loader:1706:10)
    at Module.load (node:internal/modules/cjs/loader:1289:32)
2025-09-02 16:57:32 [ERROR]: Error: Cannot find module '../../UTILS/uiTemplates'
Require stack:
- /Users/carlosdiazplaza/ative_casino_bot/uas/COMMANDS/ECONOMY/general.js
- /Users/carlosdiazplaza/ative_casino_bot/uas/index.js
    at Function._resolveFilename (node:internal/modules/cjs/loader:1225:15)
    at Function._load (node:internal/modules/cjs/loader:1055:27)
    at TracingChannel.traceSync (node:diagnostics_channel:322:14)
    at wrapModuleLoad (node:internal/modules/cjs/loader:220:24)
    at Module.require (node:internal/modules/cjs/loader:1311:12)
    at require (node:internal/modules/helpers:136:16)
    at Object.<anonymous> (/Users/carlosdiazplaza/ative_casino_bot/uas/COMMANDS/ECONOMY/general.js:10:21)
    at Module._compile (node:internal/modules/cjs/loader:1554:14)
    at Object..js (node:internal/modules/cjs/loader:1706:10)
    at Module.load (node:internal/modules/cjs/loader:1289:32)
2025-09-02 16:57:32 [ERROR]: Error: Cannot find module '../../UTILS/panelManager'
Require stack:
- /Users/carlosdiazplaza/ative_casino_bot/uas/COMMANDS/ECONOMY/panel.js
- /Users/carlosdiazplaza/ative_casino_bot/uas/index.js
    at Function._resolveFilename (node:internal/modules/cjs/loader:1225:15)
    at Function._load (node:internal/modules/cjs/loader:1055:27)
    at TracingChannel.traceSync (node:diagnostics_channel:322:14)
    at wrapModuleLoad (node:internal/modules/cjs/loader:220:24)
    at Module.require (node:internal/modules/cjs/loader:1311:12)
    at require (node:internal/modules/helpers:136:16)
    at Object.<anonymous> (/Users/carlosdiazplaza/ative_casino_bot/uas/COMMANDS/ECONOMY/panel.js:7:22)
    at Module._compile (node:internal/modules/cjs/loader:1554:14)
    at Object..js (node:internal/modules/cjs/loader:1706:10)
    at Module.load (node:internal/modules/cjs/loader:1289:32)
2025-09-02 16:57:32 [ERROR]: Error: Cannot find module '../../UTILS/moneyFormatter'
Require stack:
- /Users/carlosdiazplaza/ative_casino_bot/uas/COMMANDS/ECONOMY/sendmoney.js
- /Users/carlosdiazplaza/ative_casino_bot/uas/index.js
    at Function._resolveFilename (node:internal/modules/cjs/loader:1225:15)
    at Function._load (node:internal/modules/cjs/loader:1055:27)
    at TracingChannel.traceSync (node:diagnostics_channel:322:14)
    at wrapModuleLoad (node:internal/modules/cjs/loader:220:24)
    at Module.require (node:internal/modules/cjs/loader:1311:12)
    at require (node:internal/modules/helpers:136:16)
    at Object.<anonymous> (/Users/carlosdiazplaza/ative_casino_bot/uas/COMMANDS/ECONOMY/sendmoney.js:9:45)
    at Module._compile (node:internal/modules/cjs/loader:1554:14)
    at Object..js (node:internal/modules/cjs/loader:1706:10)
    at Module.load (node:internal/modules/cjs/loader:1289:32)
2025-09-02 16:57:32 [ERROR]: Error: Cannot find module '../../UTILS/uiTemplates'
Require stack:
- /Users/carlosdiazplaza/ative_casino_bot/uas/COMMANDS/ECONOMY/withdraw.js
- /Users/carlosdiazplaza/ative_casino_bot/uas/index.js
    at Function._resolveFilename (node:internal/modules/cjs/loader:1225:15)
    at Function._load (node:internal/modules/cjs/loader:1055:27)
    at TracingChannel.traceSync (node:diagnostics_channel:322:14)
    at wrapModuleLoad (node:internal/modules/cjs/loader:220:24)
    at Module.require (node:internal/modules/cjs/loader:1311:12)
    at require (node:internal/modules/helpers:136:16)
    at Object.<anonymous> (/Users/carlosdiazplaza/ative_casino_bot/uas/COMMANDS/ECONOMY/withdraw.js:9:21)
    at Module._compile (node:internal/modules/cjs/loader:1554:14)
    at Object..js (node:internal/modules/cjs/loader:1706:10)
    at Module.load (node:internal/modules/cjs/loader:1289:32)
2025-09-02 16:57:38 [ERROR]: TypeError: dbManager.closeConnection is not a function
    at process.<anonymous> (/Users/carlosdiazplaza/ative_casino_bot/uas/index.js:121:25)
    at process.processTicksAndRejections (node:internal/process/task_queues:105:5)
2025-09-02 16:58:16 [ERROR]: Error: Cannot find module '../../UTILS/lottery'
Require stack:
- /Users/carlosdiazplaza/ative_casino_bot/uas/COMMANDS/ECONOMY/sendmoney.js
- /Users/carlosdiazplaza/ative_casino_bot/uas/index.js
    at Function._resolveFilename (node:internal/modules/cjs/loader:1225:15)
    at Function._load (node:internal/modules/cjs/loader:1055:27)
    at TracingChannel.traceSync (node:diagnostics_channel:322:14)
    at wrapModuleLoad (node:internal/modules/cjs/loader:220:24)
    at Module.require (node:internal/modules/cjs/loader:1311:12)
    at require (node:internal/modules/helpers:136:16)
    at Object.<anonymous> (/Users/carlosdiazplaza/ative_casino_bot/uas/COMMANDS/ECONOMY/sendmoney.js:10:34)
    at Module._compile (node:internal/modules/cjs/loader:1554:14)
    at Object..js (node:internal/modules/cjs/loader:1706:10)
    at Module.load (node:internal/modules/cjs/loader:1289:32)
2025-09-02 17:12:57 [ERROR]: TypeError: dbManager.closeConnection is not a function
    at process.<anonymous> (/Users/carlosdiazplaza/ative_casino_bot/uas/index.js:121:25)
    at process.processTicksAndRejections (node:internal/process/task_queues:105:5)
2025-09-02 21:38:57 [ERROR]: DiscordAPIError[10062]: Unknown interaction
    at handleErrors (/Users/carlosdiazplaza/uas-standalone-bot/node_modules/@discordjs/rest/dist/index.js:762:13)
    at process.processTicksAndRejections (node:internal/process/task_queues:105:5)
    at async BurstHandler.runRequest (/Users/carlosdiazplaza/uas-standalone-bot/node_modules/@discordjs/rest/dist/index.js:866:23)
    at async _REST.request (/Users/carlosdiazplaza/uas-standalone-bot/node_modules/@discordjs/rest/dist/index.js:1307:22)
    at async ChatInputCommandInteraction.deferReply (/Users/carlosdiazplaza/uas-standalone-bot/node_modules/discord.js/src/structures/interfaces/InteractionResponses.js:129:22)
    at async Object.execute (/Users/carlosdiazplaza/uas-standalone-bot/COMMANDS/SHIFT/clockin.js:25:13)
    at async Object.execute (/Users/carlosdiazplaza/uas-standalone-bot/EVENTS/interactionCreate.js:29:13)
2025-09-02 21:38:57 [ERROR]: Error [InteractionNotReplied]: The reply to this interaction has not been sent or deferred.
    at ChatInputCommandInteraction.editReply (/Users/carlosdiazplaza/uas-standalone-bot/node_modules/discord.js/src/structures/interfaces/InteractionResponses.js:253:48)
    at Object.execute (/Users/carlosdiazplaza/uas-standalone-bot/COMMANDS/SHIFT/clockin.js:83:31)
    at process.processTicksAndRejections (node:internal/process/task_queues:105:5)
    at async Object.execute (/Users/carlosdiazplaza/uas-standalone-bot/EVENTS/interactionCreate.js:29:13)
2025-09-02 21:38:57 [ERROR]: DiscordAPIError[40060]: Interaction has already been acknowledged.
    at handleErrors (/Users/carlosdiazplaza/uas-standalone-bot/node_modules/@discordjs/rest/dist/index.js:762:13)
    at process.processTicksAndRejections (node:internal/process/task_queues:105:5)
    at async BurstHandler.runRequest (/Users/carlosdiazplaza/uas-standalone-bot/node_modules/@discordjs/rest/dist/index.js:866:23)
    at async _REST.request (/Users/carlosdiazplaza/uas-standalone-bot/node_modules/@discordjs/rest/dist/index.js:1307:22)
    at async ChatInputCommandInteraction.reply (/Users/carlosdiazplaza/uas-standalone-bot/node_modules/discord.js/src/structures/interfaces/InteractionResponses.js:200:22)
    at async Object.execute (/Users/carlosdiazplaza/uas-standalone-bot/EVENTS/interactionCreate.js:44:21)
